[2026-05-02 21:15:38] INFO   civil_auto.utils.logger — Logging initialized. dir=D:\01_VC CODE\Civil_Auto_Workspace\logs console=INFO file=DEBUG
[2026-05-02 21:15:38] INFO   civil_auto.smoke       — logger ready; bridge type = QtLogBridge
[2026-05-02 21:15:38] WARNING  civil_auto.smoke       — warning level test
[2026-05-02 21:15:38] ERROR  civil_auto.smoke       — error level test
[2026-05-02 21:16:28] INFO   civil_auto.utils.logger — Logging initialized. dir=D:\01_VC CODE\Civil_Auto_Workspace\logs console=INFO file=DEBUG
[2026-05-02 21:16:28] INFO   civil_auto.smoke2      — Phase 2 smoke complete.
[2026-05-02 21:32:00] INFO   civil_auto.utils.logger — Logging initialized. dir=D:\01_VC CODE\Civil_Auto_Workspace\logs console=INFO file=DEBUG
[2026-05-02 21:32:05] INFO   stage1.smoke           — All foundation modules imported OK
[2026-05-02 21:32:05] INFO   stage1.smoke           — Result dataclasses: BackupResult / PhotoScanResult / CaptionRenumberMapping OK
[2026-05-02 21:32:05] INFO   stage1.smoke           — AppException subclasses: ['WordNotRunningError', 'DocumentNotSavedError', 'ConfigSchemaError', 'TemplateMissingError', 'IOReadError']
[2026-05-02 21:32:05] INFO   stage1.smoke           — now_tz(): 2026-05-02 21:32:05.951164+08:00 tzname=CST
[2026-05-02 21:32:05] INFO   stage1.smoke           — --- testing WordApp without running Word (should raise WordNotRunningError) ---
[2026-05-02 21:32:06] INFO   stage1.smoke           — WordApp raised expected: 未检测到运行中的 Word/WPS 进程（最后一次尝试失败：(-2147221005, '无效的类字符串', None, None)） | hint=请先打开 Word 或 WPS，并打开目标文档（保存到本地）后重试。
[2026-05-02 21:32:06] ERROR  civil_auto.io.io_helpers — Excel 文件不存在: \no\such\file.xlsx
[2026-05-02 21:32:06] INFO   stage1.smoke           — read_sheet_names on missing file -> [] (good)
[2026-05-02 21:32:06] INFO   stage1.smoke           — open_workbook raised expected IOReadError: Excel 文件不存在: \nope.xlsx
[2026-05-05 21:42:45] INFO   civil_auto.utils.logger — Logging initialized. dir=D:\CodeProjects\Civil_Auto_Workspace\logs console=INFO file=DEBUG
[2026-05-05 21:42:58] INFO   civil_auto.utils.logger — Logging initialized. dir=D:\CodeProjects\Civil_Auto_Workspace\logs console=INFO file=DEBUG
[2026-05-05 21:43:00] INFO   civil_auto.core.plot_curves — 📂 加载模板库
[2026-05-05 21:43:00] INFO   civil_auto.core.plot_curves —    ↳ 选用模板: 锚杆荷载-位移曲线
[2026-05-05 21:43:00] INFO   civil_auto.core.plot_curves — 📊 读取 Excel: data\raw\sample.xlsx  Sheet: <默认第一个>
[2026-05-05 21:43:00] INFO   civil_auto.core.plot_curves —    ↳ 共 3 行数据
[2026-05-05 21:43:00] INFO   civil_auto.core.plot_curves — 🔨 构建绘图任务...
[2026-05-05 21:43:00] INFO   civil_auto.core.plot_curves —    ↳ 有效任务 3 个（跳过空行 0，跳过缺数据行 0）
[2026-05-05 21:43:00] INFO   civil_auto.core.plot_curves — 📁 输出目录: data\raw\曲线图
[2026-05-05 21:43:00] INFO   civil_auto.core.plot_curves —    ↳ 进度 3/3: 锚杆3_荷载位移曲线.png
[2026-05-05 21:43:00] INFO   civil_auto.core.plot_curves — 🎉 完成：成功 3 / 任务 3 / 失败 0
[2026-05-05 21:43:27] INFO   civil_auto.utils.logger — Logging initialized. dir=D:\CodeProjects\Civil_Auto_Workspace\logs console=INFO file=DEBUG
[2026-05-05 21:43:29] INFO   civil_auto.core.plot_curves — 📂 加载模板库
[2026-05-05 21:43:29] INFO   civil_auto.core.plot_curves —    ↳ 选用模板: 锚杆荷载-位移曲线
[2026-05-05 21:43:29] INFO   civil_auto.core.plot_curves — 📊 读取 Excel: data\raw\sample.xlsx  Sheet: <默认第一个>
[2026-05-05 21:43:29] INFO   civil_auto.core.plot_curves —    ↳ 共 3 行数据
[2026-05-05 21:43:29] INFO   civil_auto.core.plot_curves — 🔨 构建绘图任务...
[2026-05-05 21:43:29] INFO   civil_auto.core.plot_curves —    ↳ 有效任务 3 个（跳过空行 0，跳过缺数据行 0）
[2026-05-05 21:43:29] INFO   civil_auto.core.plot_curves — 📁 输出目录: data\raw\曲线图
[2026-05-05 21:43:29] INFO   civil_auto.core.plot_curves —    ↳ 进度 3/3: 锚杆3_荷载位移曲线.png
[2026-05-05 21:43:29] INFO   civil_auto.core.plot_curves — 🎉 完成：成功 3 / 任务 3 / 失败 0
[2026-05-05 21:43:30] INFO   civil_auto.utils.logger — Logging initialized. dir=D:\CodeProjects\Civil_Auto_Workspace\logs console=INFO file=DEBUG
[2026-05-05 21:43:31] INFO   civil_auto.core.plot_curves — 📂 加载模板库
[2026-05-05 21:43:31] INFO   civil_auto.core.plot_curves —    ↳ 选用模板: 锚杆荷载-位移曲线
[2026-05-05 21:43:31] INFO   civil_auto.core.plot_curves — 📊 读取 Excel: data\raw\__no_such__.xlsx  Sheet: <默认第一个>
[2026-05-05 21:43:32] INFO   civil_auto.utils.logger — Logging initialized. dir=D:\CodeProjects\Civil_Auto_Workspace\logs console=INFO file=DEBUG
[2026-05-05 21:43:50] INFO   civil_auto.utils.logger — Logging initialized. dir=D:\CodeProjects\Civil_Auto_Workspace\logs console=INFO file=DEBUG
[2026-05-05 21:43:52] INFO   civil_auto.core.plot_curves — 📂 加载模板库
[2026-05-05 21:43:52] INFO   civil_auto.core.plot_curves —    ↳ 选用模板: 锚杆荷载-位移曲线
[2026-05-05 21:43:52] INFO   civil_auto.core.plot_curves — 📊 读取 Excel: data\raw\sample.xlsx  Sheet: <默认第一个>
[2026-05-05 21:43:52] INFO   civil_auto.core.plot_curves —    ↳ 共 3 行数据
[2026-05-05 21:43:52] INFO   civil_auto.core.plot_curves — 🔨 构建绘图任务...
[2026-05-05 21:43:52] INFO   civil_auto.core.plot_curves —    ↳ 有效任务 3 个（跳过空行 0，跳过缺数据行 0）
[2026-05-05 21:43:52] INFO   civil_auto.core.plot_curves — 📁 输出目录: data\raw\曲线图
[2026-05-05 21:43:52] INFO   civil_auto.core.plot_curves —    ↳ 进度 3/3: 锚杆3_荷载位移曲线.png
[2026-05-05 21:43:52] INFO   civil_auto.core.plot_curves — 🎉 完成：成功 3 / 任务 3 / 失败 0
[2026-05-05 21:43:53] INFO   civil_auto.utils.logger — Logging initialized. dir=D:\CodeProjects\Civil_Auto_Workspace\logs console=INFO file=DEBUG
[2026-05-05 21:43:54] INFO   civil_auto.core.plot_curves — 📂 加载模板库
[2026-05-05 21:43:54] INFO   civil_auto.core.plot_curves —    ↳ 选用模板: 锚杆荷载-位移曲线
[2026-05-05 21:43:54] INFO   civil_auto.core.plot_curves — 📊 读取 Excel: data\raw\__no_such__.xlsx  Sheet: <默认第一个>
[2026-05-05 21:43:54] INFO   civil_auto.utils.logger — Logging initialized. dir=D:\CodeProjects\Civil_Auto_Workspace\logs console=INFO file=DEBUG
[2026-05-05 21:43:55] INFO   civil_auto.utils.logger — Logging initialized. dir=D:\CodeProjects\Civil_Auto_Workspace\logs console=INFO file=DEBUG
[2026-05-05 21:43:56] INFO   civil_auto.core.plot_curves — 📂 加载模板库
[2026-05-05 21:43:57] INFO   civil_auto.utils.logger — Logging initialized. dir=D:\CodeProjects\Civil_Auto_Workspace\logs console=INFO file=DEBUG
[2026-05-06 10:02:55] INFO   civil_auto.utils.logger — Logging initialized. dir=D:\CodeProjects\Civil_Auto_Workspace\logs console=INFO file=DEBUG
[2026-05-06 10:02:55] INFO   civil_auto.app.bootstrap — QApplication ready | name=工程自动化主控制台 version=1.0.0 theme=auto
[2026-05-06 10:02:57] INFO   civil_auto.ui.windows.main_window — MainWindow ready (size=1320x840)
[2026-05-06 10:03:16] INFO   civil_auto.utils.logger — Logging initialized. dir=D:\CodeProjects\Civil_Auto_Workspace\logs console=INFO file=DEBUG
[2026-05-06 10:03:16] INFO   civil_auto.app.bootstrap — QApplication ready | name=工程自动化主控制台 version=1.0.0 theme=auto
[2026-05-06 10:03:17] INFO   civil_auto.ui.windows.main_window — MainWindow ready (size=1320x840)
[2026-05-06 10:03:17] INFO   civil_auto.app.bootstrap — QtLogBridge 就绪（slot 待 step 13 接入日志面板）
[2026-05-06 10:03:30] INFO   civil_auto.utils.logger — Logging initialized. dir=D:\CodeProjects\Civil_Auto_Workspace\logs console=INFO file=DEBUG
[2026-05-06 10:03:34] INFO   civil_auto.core.plot_curves — 📂 加载模板库
[2026-05-06 10:03:34] INFO   civil_auto.core.plot_curves —    ↳ 选用模板: 锚杆荷载-位移曲线
[2026-05-06 10:03:34] INFO   civil_auto.core.plot_curves — 📊 读取 Excel: data\raw\sample.xlsx  Sheet: <默认第一个>
[2026-05-06 10:03:34] INFO   civil_auto.core.plot_curves —    ↳ 共 3 行数据
[2026-05-06 10:03:34] INFO   civil_auto.core.plot_curves — 🔨 构建绘图任务...
[2026-05-06 10:03:34] INFO   civil_auto.core.plot_curves —    ↳ 有效任务 3 个（跳过空行 0，跳过缺数据行 0）
[2026-05-06 10:03:34] INFO   civil_auto.core.plot_curves — 📁 输出目录: data\raw\曲线图
[2026-05-06 10:03:35] INFO   civil_auto.core.plot_curves —    ↳ 进度 3/3: 锚杆3_荷载位移曲线.png
[2026-05-06 10:03:35] INFO   civil_auto.core.plot_curves — 🎉 完成：成功 3 / 任务 3 / 失败 0
[2026-05-06 10:03:35] INFO   civil_auto.utils.logger — Logging initialized. dir=D:\CodeProjects\Civil_Auto_Workspace\logs console=INFO file=DEBUG
[2026-05-06 10:13:29] INFO   civil_auto.utils.logger — Logging initialized. dir=D:\CodeProjects\Civil_Auto_Workspace\logs console=INFO file=DEBUG
[2026-05-06 10:13:30] INFO   civil_auto.app.bootstrap — QApplication ready | name=工程自动化主控制台 version=1.0.0 theme=auto
[2026-05-06 10:13:30] INFO   civil_auto.ui.windows.main_window — MainWindow ready (size=1320x840)
[2026-05-06 10:13:57] INFO   civil_auto.utils.logger — Logging initialized. dir=D:\CodeProjects\Civil_Auto_Workspace\logs console=INFO file=DEBUG
[2026-05-06 10:13:57] INFO   civil_auto.app.bootstrap — QApplication ready | name=工程自动化主控制台 version=1.0.0 theme=auto
[2026-05-06 10:13:58] INFO   civil_auto.ui.windows.main_window — MainWindow ready (size=1320x840)
[2026-05-06 10:14:10] INFO   civil_auto.utils.logger — Logging initialized. dir=D:\CodeProjects\Civil_Auto_Workspace\logs console=INFO file=DEBUG
[2026-05-06 10:14:11] INFO   civil_auto.core.plot_curves — 📂 加载模板库
[2026-05-06 10:14:11] INFO   civil_auto.core.plot_curves —    ↳ 选用模板: 锚杆荷载-位移曲线
[2026-05-06 10:14:11] INFO   civil_auto.core.plot_curves — 📊 读取 Excel: data\raw\sample.xlsx  Sheet: <默认第一个>
[2026-05-06 10:14:11] INFO   civil_auto.core.plot_curves —    ↳ 共 3 行数据
[2026-05-06 10:14:11] INFO   civil_auto.core.plot_curves — 🔨 构建绘图任务...
[2026-05-06 10:14:11] INFO   civil_auto.core.plot_curves —    ↳ 有效任务 3 个（跳过空行 0，跳过缺数据行 0）
[2026-05-06 10:14:11] INFO   civil_auto.core.plot_curves — 📁 输出目录: data\raw\曲线图
[2026-05-06 10:14:12] INFO   civil_auto.core.plot_curves —    ↳ 进度 3/3: 锚杆3_荷载位移曲线.png
[2026-05-06 10:14:12] INFO   civil_auto.core.plot_curves — 🎉 完成：成功 3 / 任务 3 / 失败 0
[2026-05-06 10:14:12] INFO   civil_auto.utils.logger — Logging initialized. dir=D:\CodeProjects\Civil_Auto_Workspace\logs console=INFO file=DEBUG
